sample/build/outputs/logs/manifest-merger-debug-report.txt
-- Merging decision tree log ---
manifest
ADDED from Projectgreenscreen/sample/AndroidManifest.xml:1:1-35:12
MERGED from [:library] AndroidManifest.xml:2:1-11:12
MERGED from [com.android.support:support-v4:23.1.1] AndroidManifest.xml:17:1-24:12
	package
		ADDED from Projectgreenscreen/sample/AndroidManifest.xml:2:5-55
	xmlns:android
		ADDED from Projectgreenscreen/sample/AndroidManifest.xml:1:11-69
uses-permission#android.permission.WRITE_EXTERNAL_STORAGE
ADDED from Projectgreenscreen/sample/AndroidManifest.xml:4:5-81
	android:name
		ADDED from Projectgreenscreen/sample/AndroidManifest.xml:4:22-78
uses-permission#android.permission.CAMERA
ADDED from Projectgreenscreen/sample/AndroidManifest.xml:5:5-65
	android:name
		ADDED from Projectgreenscreen/sample/AndroidManifest.xml:5:22-62
uses-permission#android.permission.READ_EXTERNAL_STORAGE
ADDED from Projectgreenscreen/sample/AndroidManifest.xml:6:5-80
	android:name
		ADDED from Projectgreenscreen/sample/AndroidManifest.xml:6:22-77
uses-feature#android.hardware.camera
ADDED from Projectgreenscreen/sample/AndroidManifest.xml:8:5-60
	android:name
		ADDED from Projectgreenscreen/sample/AndroidManifest.xml:8:19-57
uses-permission#android.permission.INTERNET
ADDED from Projectgreenscreen/sample/AndroidManifest.xml:11:5-67
	android:name
		ADDED from Projectgreenscreen/sample/AndroidManifest.xml:11:22-64
application
ADDED from Projectgreenscreen/sample/AndroidManifest.xml:13:5-33:19
MERGED from [com.android.support:support-v4:23.1.1] AndroidManifest.xml:22:5-20
MERGED from [com.android.support:support-v4:23.1.1] AndroidManifest.xml:22:5-20
	android:label
		ADDED from Projectgreenscreen/sample/AndroidManifest.xml:18:9-41
	android:hardwareAccelerated
		ADDED from Projectgreenscreen/sample/AndroidManifest.xml:15:9-43
	android:largeHeap
		ADDED from Projectgreenscreen/sample/AndroidManifest.xml:17:9-33
	android:icon
		ADDED from Projectgreenscreen/sample/AndroidManifest.xml:16:9-45
	android:allowBackup
		ADDED from Projectgreenscreen/sample/AndroidManifest.xml:14:9-35
	android:theme
		ADDED from Projectgreenscreen/sample/AndroidManifest.xml:19:9-40
activity#jp.co.cyberagent.android.gpuimage.sample.activity.ActivityMain
ADDED from Projectgreenscreen/sample/AndroidManifest.xml:20:9-28:20
	android:label
		ADDED from Projectgreenscreen/sample/AndroidManifest.xml:22:13-65
	android:name
		ADDED from Projectgreenscreen/sample/AndroidManifest.xml:21:13-50
intent-filter#action:name:android.intent.action.MAIN+category:name:android.intent.category.LAUNCHER
ADDED from Projectgreenscreen/sample/AndroidManifest.xml:23:13-27:29
action#android.intent.action.MAIN
ADDED from Projectgreenscreen/sample/AndroidManifest.xml:24:17-69
	android:name
		ADDED from Projectgreenscreen/sample/AndroidManifest.xml:24:25-66
category#android.intent.category.LAUNCHER
ADDED from Projectgreenscreen/sample/AndroidManifest.xml:26:17-77
	android:name
		ADDED from Projectgreenscreen/sample/AndroidManifest.xml:26:27-74
activity#jp.co.cyberagent.android.gpuimage.sample.activity.ActivityGallery
ADDED from Projectgreenscreen/sample/AndroidManifest.xml:29:9-62
	android:name
		ADDED from Projectgreenscreen/sample/AndroidManifest.xml:29:19-59
activity#jp.co.cyberagent.android.gpuimage.sample.activity.ActivityCamera
ADDED from Projectgreenscreen/sample/AndroidManifest.xml:30:9-32:15
	android:name
		ADDED from Projectgreenscreen/sample/AndroidManifest.xml:31:13-92
uses-sdk
INJECTED from Projectgreenscreen/sample/AndroidManifest.xml reason: use-sdk injection requested
INJECTED from Projectgreenscreen/sample/AndroidManifest.xml
INJECTED from Projectgreenscreen/sample/AndroidManifest.xml
MERGED from [:library] AndroidManifest.xml:7:5-9:41
MERGED from [:library] AndroidManifest.xml:7:5-9:41
MERGED from [com.android.support:support-v4:23.1.1] AndroidManifest.xml:20:5-43
MERGED from [com.android.support:support-v4:23.1.1] AndroidManifest.xml:20:5-43
INJECTED from Projectgreenscreen/sample/AndroidManifest.xml
INJECTED from Projectgreenscreen/sample/AndroidManifest.xml
	android:targetSdkVersion
		INJECTED from Projectgreenscreen/sample/AndroidManifest.xml
		ADDED from Projectgreenscreen/sample/AndroidManifest.xml
		INJECTED from Projectgreenscreen/sample/AndroidManifest.xml
	android:minSdkVersion
		INJECTED from Projectgreenscreen/sample/AndroidManifest.xml
		ADDED from Projectgreenscreen/sample/AndroidManifest.xml
		INJECTED from Projectgreenscreen/sample/AndroidManifest.xml